<?xml version="1.0" encoding="UTF-8"?>
<!-- Generated by org.testng.reporters.JUnitReportReporter -->
<testsuite hostname="Neevetha" failures="0" tests="1" name="scripts.AddingCoursetocart" time="16.252" errors="0" timestamp="2021-09-27T10:15:41 IST" skipped="0">
  <testcase classname="scripts.AddingCoursetocart" name="course" time="16.252"/>
  <system-out/>
</testsuite> <!-- scripts.AddingCoursetocart -->
